This is pdfTeX, Version 3.141592653-2.6-1.40.25 (TeX Live 2023) (preloaded format=pdflatex 2023.3.26)  24 DEC 2023 15:31
entering extended mode
 restricted \write18 enabled.
 file:line:error style messages enabled.
 %&-line parsing enabled.
**d:/CS_learning/Courses/SIST/CS101/HWs/CS101_23fall_hw10_release/main.tex
(d:/CS_learning/Courses/SIST/CS101/HWs/CS101_23fall_hw10_release/main.tex
LaTeX2e <2022-11-01> patch level 1
L3 programming layer <2023-02-22> (d:/Program Files/texlive/2023/texmf-dist/tex/latex/exam/exam.cls
Document Class: exam 2021/02/26 Version 2.7 by Philip Hirschhorn
(d:/Program Files/texlive/2023/texmf-dist/tex/latex/base/ifthen.sty
Package: ifthen 2022/04/13 v1.1d Standard LaTeX ifthen package (DPC)
) (d:/Program Files/texlive/2023/texmf-dist/tex/latex/base/article.cls
Document Class: article 2022/07/02 v1.4n Standard LaTeX document class
(d:/Program Files/texlive/2023/texmf-dist/tex/latex/base/size11.clo
File: size11.clo 2022/07/02 v1.4n Standard LaTeX file (size option)
)
\c@part=\count185
\c@section=\count186
\c@subsection=\count187
\c@subsubsection=\count188
\c@paragraph=\count189
\c@subparagraph=\count190
\c@figure=\count191
\c@table=\count192
\abovecaptionskip=\skip48
\belowcaptionskip=\skip49
\bibindent=\dimen140
)
\@extrawidth=\skip50
\@rightmargin=\skip51
\@extrahead=\skip52
\@extrafoot=\skip53
\run@exhd=\skip54
\fp@exhd=\skip55
\run@exft=\skip56
\fp@exft=\skip57
\covrun@exhd=\skip58
\covfp@exhd=\skip59
\covrun@exft=\skip60
\covfp@exft=\skip61
\c@num@coverpages=\count193
\c@latest@ques=\count194
\c@ques@end=\count195
\c@last@object=\count196
\c@incmp@ques=\count197
\c@next@ques=\count198
\c@next@page=\count199
\c@tmp@hlfcntr=\count266
\c@ifpos@cntr=\count267
\c@question=\count268
\c@partno=\count269
\c@subpart=\count270
\c@subsubpart=\count271
\c@choice=\count272
\c@numpoints=\count273
\c@numbonuspoints=\count274
\c@pointsof@thisquestion=\count275
\c@bonuspointsof@thisquestion=\count276
\c@numquestions=\count277
\c@numparts=\count278
\c@numsubparts=\count279
\c@numsubsubparts=\count280
\c@Curr@Page=\count281
\c@@pagepoints=\count282
\c@@pagebonuspoints=\count283
\c@pageof@pagepoints=\count284
\c@pageof@pagebonuspoints=\count285
\c@latest@points=\count286
\c@latest@bonuspoints=\count287
\pageinfo@commands=\toks16
\temp@toks=\toks17
\pagepoint@commands=\toks18
\point@toks=\toks19
\c@ques@object=\count288
\marginpointssep=\skip62
\rightpointsmargin=\skip63
\choice@toks=\toks20
\answerlinelength=\skip64
\answerskip=\skip65
\answerclearance=\skip66
\fillinlinelength=\skip67
\linefillheight=\skip68
\linefillthickness=\skip69
\dottedlinefillheight=\skip70
\gridsize=\skip71
\gridlinewidth=\skip72
\minboxheight=\skip73
\c@@iterator=\count289
\@cellwidth=\skip74
\c@tbl@points=\count290
\c@tbl@bonuspoints=\count291
\c@pq@index=\count292
\c@pq@index@pts=\count293
\c@pq@index@bpts=\count294
\c@num@cols=\count295
\c@num@rows=\count296
\c@current@row=\count297
\c@cols@done=\count298
\exam@box=\box51
\saved@totalleftmargin=\dimen141
\@sollistdepth=\count299
\exam@FrameRule=\dimen142
\exam@FrameSep=\dimen143
) (d:/Program Files/texlive/2023/texmf-dist/tex/latex/amsmath/amsmath.sty
Package: amsmath 2022/04/08 v2.17n AMS math features
\@mathmargin=\skip75

For additional information on amsmath, use the `?' option.
(d:/Program Files/texlive/2023/texmf-dist/tex/latex/amsmath/amstext.sty
Package: amstext 2021/08/26 v2.01 AMS text
 (d:/Program Files/texlive/2023/texmf-dist/tex/latex/amsmath/amsgen.sty
File: amsgen.sty 1999/11/30 v2.0 generic functions
\@emptytoks=\toks21
\ex@=\dimen144
)) (d:/Program Files/texlive/2023/texmf-dist/tex/latex/amsmath/amsbsy.sty
Package: amsbsy 1999/11/29 v1.2d Bold Symbols
\pmbraise@=\dimen145
) (d:/Program Files/texlive/2023/texmf-dist/tex/latex/amsmath/amsopn.sty
Package: amsopn 2022/04/08 v2.04 operator names
)
\inf@bad=\count300
LaTeX Info: Redefining \frac on input line 234.
\uproot@=\count301
\leftroot@=\count302
LaTeX Info: Redefining \overline on input line 399.
LaTeX Info: Redefining \colon on input line 410.
\classnum@=\count303
\DOTSCASE@=\count304
LaTeX Info: Redefining \ldots on input line 496.
LaTeX Info: Redefining \dots on input line 499.
LaTeX Info: Redefining \cdots on input line 620.
\Mathstrutbox@=\box52
\strutbox@=\box53
LaTeX Info: Redefining \big on input line 722.
LaTeX Info: Redefining \Big on input line 723.
LaTeX Info: Redefining \bigg on input line 724.
LaTeX Info: Redefining \Bigg on input line 725.
\big@size=\dimen146
LaTeX Font Info:    Redeclaring font encoding OML on input line 743.
LaTeX Font Info:    Redeclaring font encoding OMS on input line 744.
\macc@depth=\count305
LaTeX Info: Redefining \bmod on input line 905.
LaTeX Info: Redefining \pmod on input line 910.
LaTeX Info: Redefining \smash on input line 940.
LaTeX Info: Redefining \relbar on input line 970.
LaTeX Info: Redefining \Relbar on input line 971.
\c@MaxMatrixCols=\count306
\dotsspace@=\muskip16
\c@parentequation=\count307
\dspbrk@lvl=\count308
\tag@help=\toks22
\row@=\count309
\column@=\count310
\maxfields@=\count311
\andhelp@=\toks23
\eqnshift@=\dimen147
\alignsep@=\dimen148
\tagshift@=\dimen149
\tagwidth@=\dimen150
\totwidth@=\dimen151
\lineht@=\dimen152
\@envbody=\toks24
\multlinegap=\skip76
\multlinetaggap=\skip77
\mathdisplay@stack=\toks25
LaTeX Info: Redefining \[ on input line 2953.
LaTeX Info: Redefining \] on input line 2954.
) (d:/Program Files/texlive/2023/texmf-dist/tex/latex/amsfonts/amssymb.sty
Package: amssymb 2013/01/14 v3.01 AMS font symbols
 (d:/Program Files/texlive/2023/texmf-dist/tex/latex/amsfonts/amsfonts.sty
Package: amsfonts 2013/01/14 v3.01 Basic AMSFonts support
\symAMSa=\mathgroup4
\symAMSb=\mathgroup5
LaTeX Font Info:    Redeclaring math symbol \hbar on input line 98.
LaTeX Font Info:    Overwriting math alphabet `\mathfrak' in version `bold'
(Font)                  U/euf/m/n --> U/euf/b/n on input line 106.
)) (d:/Program Files/texlive/2023/texmf-dist/tex/latex/algorithms/algorithm.sty
Package: algorithm 2009/08/24 v0.1 Document Style `algorithm' - floating environment
 (d:/Program Files/texlive/2023/texmf-dist/tex/latex/float/float.sty
Package: float 2001/11/08 v1.3d Float enhancements (AL)
\c@float@type=\count312
\float@exts=\toks26
\float@box=\box54
\@float@everytoks=\toks27
\@floatcapt=\box55
)
\@float@every@algorithm=\toks28
\c@algorithm=\count313
) (d:/Program Files/texlive/2023/texmf-dist/tex/latex/algorithmicx/algpseudocode.sty
Package: algpseudocode 
 (d:/Program Files/texlive/2023/texmf-dist/tex/latex/algorithmicx/algorithmicx.sty
Package: algorithmicx 2005/04/27 v1.2 Algorithmicx

Document Style algorithmicx 1.2 - a greatly improved `algorithmic' style
\c@ALG@line=\count314
\c@ALG@rem=\count315
\c@ALG@nested=\count316
\ALG@tlm=\skip78
\ALG@thistlm=\skip79
\c@ALG@Lnr=\count317
\c@ALG@blocknr=\count318
\c@ALG@storecount=\count319
\c@ALG@tmpcounter=\count320
\ALG@tmplength=\skip80
)
Document Style - pseudocode environments for use with the `algorithmicx' style
) (d:/Program Files/texlive/2023/texmf-dist/tex/latex/xcolor/xcolor.sty
Package: xcolor 2022/06/12 v2.14 LaTeX color extensions (UK)
 (d:/Program Files/texlive/2023/texmf-dist/tex/latex/graphics-cfg/color.cfg
File: color.cfg 2016/01/02 v1.6 sample color configuration
)
Package xcolor Info: Driver file: pdftex.def on input line 227.
 (d:/Program Files/texlive/2023/texmf-dist/tex/latex/graphics-def/pdftex.def
File: pdftex.def 2022/09/22 v1.2b Graphics/color driver for pdftex
) (d:/Program Files/texlive/2023/texmf-dist/tex/latex/graphics/mathcolor.ltx)
Package xcolor Info: Model `cmy' substituted by `cmy0' on input line 1353.
Package xcolor Info: Model `hsb' substituted by `rgb' on input line 1357.
Package xcolor Info: Model `RGB' extended on input line 1369.
Package xcolor Info: Model `HTML' substituted by `rgb' on input line 1371.
Package xcolor Info: Model `Hsb' substituted by `hsb' on input line 1372.
Package xcolor Info: Model `tHsb' substituted by `hsb' on input line 1373.
Package xcolor Info: Model `HSB' substituted by `hsb' on input line 1374.
Package xcolor Info: Model `Gray' substituted by `gray' on input line 1375.
Package xcolor Info: Model `wave' substituted by `hsb' on input line 1376.
) (d:/Program Files/texlive/2023/texmf-dist/tex/latex/listings/listings.sty (d:/Program Files/texlive/2023/texmf-dist/tex/latex/graphics/keyval.sty
Package: keyval 2022/05/29 v1.15 key=value parser (DPC)
\KV@toks@=\toks29
)
\lst@mode=\count321
\lst@gtempboxa=\box56
\lst@token=\toks30
\lst@length=\count322
\lst@currlwidth=\dimen153
\lst@column=\count323
\lst@pos=\count324
\lst@lostspace=\dimen154
\lst@width=\dimen155
\lst@newlines=\count325
\lst@lineno=\count326
\lst@maxwidth=\dimen156
 (d:/Program Files/texlive/2023/texmf-dist/tex/latex/listings/lstmisc.sty
File: lstmisc.sty 2023/02/27 1.9 (Carsten Heinz)
\c@lstnumber=\count327
\lst@skipnumbers=\count328
\lst@framebox=\box57
) (d:/Program Files/texlive/2023/texmf-dist/tex/latex/listings/listings.cfg
File: listings.cfg 2023/02/27 1.9 listings configuration
))
Package: listings 2023/02/27 1.9 (Carsten Heinz)
 (d:/Program Files/texlive/2023/texmf-dist/tex/latex/listings/lstlang1.sty
File: lstlang1.sty 2023/02/27 1.9 listings language file
) (d:/Program Files/texlive/2023/texmf-dist/tex/latex/listings/lstlang1.sty
File: lstlang1.sty 2023/02/27 1.9 listings language file
) (d:/Program Files/texlive/2023/texmf-dist/tex/latex/listings/lstlang1.sty
File: lstlang1.sty 2023/02/27 1.9 listings language file
) (d:/Program Files/texlive/2023/texmf-dist/tex/latex/listings/lstmisc.sty
File: lstmisc.sty 2023/02/27 1.9 (Carsten Heinz)
) (d:/Program Files/texlive/2023/texmf-dist/tex/latex/pgf/frontendlayer/tikz.sty (d:/Program Files/texlive/2023/texmf-dist/tex/latex/pgf/basiclayer/pgf.sty (d:/Program Files/texlive/2023/texmf-dist/tex/latex/pgf/utilities/pgfrcs.sty (d:/Program Files/texlive/2023/texmf-dist/tex/generic/pgf/utilities/pgfutil-common.tex
\pgfutil@everybye=\toks31
\pgfutil@tempdima=\dimen157
\pgfutil@tempdimb=\dimen158
) (d:/Program Files/texlive/2023/texmf-dist/tex/generic/pgf/utilities/pgfutil-latex.def
\pgfutil@abb=\box58
) (d:/Program Files/texlive/2023/texmf-dist/tex/generic/pgf/utilities/pgfrcs.code.tex (d:/Program Files/texlive/2023/texmf-dist/tex/generic/pgf/pgf.revision.tex)
Package: pgfrcs 2023-01-15 v3.1.10 (3.1.10)
))
Package: pgf 2023-01-15 v3.1.10 (3.1.10)
 (d:/Program Files/texlive/2023/texmf-dist/tex/latex/pgf/basiclayer/pgfcore.sty (d:/Program Files/texlive/2023/texmf-dist/tex/latex/graphics/graphicx.sty
Package: graphicx 2021/09/16 v1.2d Enhanced LaTeX Graphics (DPC,SPQR)
 (d:/Program Files/texlive/2023/texmf-dist/tex/latex/graphics/graphics.sty
Package: graphics 2022/03/10 v1.4e Standard LaTeX Graphics (DPC,SPQR)
 (d:/Program Files/texlive/2023/texmf-dist/tex/latex/graphics/trig.sty
Package: trig 2021/08/11 v1.11 sin cos tan (DPC)
) (d:/Program Files/texlive/2023/texmf-dist/tex/latex/graphics-cfg/graphics.cfg
File: graphics.cfg 2016/06/04 v1.11 sample graphics configuration
)
Package graphics Info: Driver file: pdftex.def on input line 107.
)
\Gin@req@height=\dimen159
\Gin@req@width=\dimen160
) (d:/Program Files/texlive/2023/texmf-dist/tex/latex/pgf/systemlayer/pgfsys.sty (d:/Program Files/texlive/2023/texmf-dist/tex/generic/pgf/systemlayer/pgfsys.code.tex
Package: pgfsys 2023-01-15 v3.1.10 (3.1.10)
 (d:/Program Files/texlive/2023/texmf-dist/tex/generic/pgf/utilities/pgfkeys.code.tex
\pgfkeys@pathtoks=\toks32
\pgfkeys@temptoks=\toks33
 (d:/Program Files/texlive/2023/texmf-dist/tex/generic/pgf/utilities/pgfkeyslibraryfiltered.code.tex
\pgfkeys@tmptoks=\toks34
))
\pgf@x=\dimen161
\pgf@y=\dimen162
\pgf@xa=\dimen163
\pgf@ya=\dimen164
\pgf@xb=\dimen165
\pgf@yb=\dimen166
\pgf@xc=\dimen167
\pgf@yc=\dimen168
\pgf@xd=\dimen169
\pgf@yd=\dimen170
\w@pgf@writea=\write3
\r@pgf@reada=\read2
\c@pgf@counta=\count329
\c@pgf@countb=\count330
\c@pgf@countc=\count331
\c@pgf@countd=\count332
\t@pgf@toka=\toks35
\t@pgf@tokb=\toks36
\t@pgf@tokc=\toks37
\pgf@sys@id@count=\count333
 (d:/Program Files/texlive/2023/texmf-dist/tex/generic/pgf/systemlayer/pgf.cfg
File: pgf.cfg 2023-01-15 v3.1.10 (3.1.10)
)
Driver file for pgf: pgfsys-pdftex.def
 (d:/Program Files/texlive/2023/texmf-dist/tex/generic/pgf/systemlayer/pgfsys-pdftex.def
File: pgfsys-pdftex.def 2023-01-15 v3.1.10 (3.1.10)
 (d:/Program Files/texlive/2023/texmf-dist/tex/generic/pgf/systemlayer/pgfsys-common-pdf.def
File: pgfsys-common-pdf.def 2023-01-15 v3.1.10 (3.1.10)
))) (d:/Program Files/texlive/2023/texmf-dist/tex/generic/pgf/systemlayer/pgfsyssoftpath.code.tex
File: pgfsyssoftpath.code.tex 2023-01-15 v3.1.10 (3.1.10)
\pgfsyssoftpath@smallbuffer@items=\count334
\pgfsyssoftpath@bigbuffer@items=\count335
) (d:/Program Files/texlive/2023/texmf-dist/tex/generic/pgf/systemlayer/pgfsysprotocol.code.tex
File: pgfsysprotocol.code.tex 2023-01-15 v3.1.10 (3.1.10)
)) (d:/Program Files/texlive/2023/texmf-dist/tex/generic/pgf/basiclayer/pgfcore.code.tex
Package: pgfcore 2023-01-15 v3.1.10 (3.1.10)
 (d:/Program Files/texlive/2023/texmf-dist/tex/generic/pgf/math/pgfmath.code.tex (d:/Program Files/texlive/2023/texmf-dist/tex/generic/pgf/math/pgfmathutil.code.tex) (d:/Program Files/texlive/2023/texmf-dist/tex/generic/pgf/math/pgfmathparser.code.tex
\pgfmath@dimen=\dimen171
\pgfmath@count=\count336
\pgfmath@box=\box59
\pgfmath@toks=\toks38
\pgfmath@stack@operand=\toks39
\pgfmath@stack@operation=\toks40
) (d:/Program Files/texlive/2023/texmf-dist/tex/generic/pgf/math/pgfmathfunctions.code.tex) (d:/Program Files/texlive/2023/texmf-dist/tex/generic/pgf/math/pgfmathfunctions.basic.code.tex) (d:/Program Files/texlive/2023/texmf-dist/tex/generic/pgf/math/pgfmathfunctions.trigonometric.code.tex) (d:/Program Files/texlive/2023/texmf-dist/tex/generic/pgf/math/pgfmathfunctions.random.code.tex) (d:/Program Files/texlive/2023/texmf-dist/tex/generic/pgf/math/pgfmathfunctions.comparison.code.tex) (d:/Program Files/texlive/2023/texmf-dist/tex/generic/pgf/math/pgfmathfunctions.base.code.tex) (d:/Program Files/texlive/2023/texmf-dist/tex/generic/pgf/math/pgfmathfunctions.round.code.tex) (d:/Program Files/texlive/2023/texmf-dist/tex/generic/pgf/math/pgfmathfunctions.misc.code.tex) (d:/Program Files/texlive/2023/texmf-dist/tex/generic/pgf/math/pgfmathfunctions.integerarithmetics.code.tex) (d:/Program Files/texlive/2023/texmf-dist/tex/generic/pgf/math/pgfmathcalc.code.tex) (d:/Program Files/texlive/2023/texmf-dist/tex/generic/pgf/math/pgfmathfloat.code.tex
\c@pgfmathroundto@lastzeros=\count337
)) (d:/Program Files/texlive/2023/texmf-dist/tex/generic/pgf/math/pgfint.code.tex) (d:/Program Files/texlive/2023/texmf-dist/tex/generic/pgf/basiclayer/pgfcorepoints.code.tex
File: pgfcorepoints.code.tex 2023-01-15 v3.1.10 (3.1.10)
\pgf@picminx=\dimen172
\pgf@picmaxx=\dimen173
\pgf@picminy=\dimen174
\pgf@picmaxy=\dimen175
\pgf@pathminx=\dimen176
\pgf@pathmaxx=\dimen177
\pgf@pathminy=\dimen178
\pgf@pathmaxy=\dimen179
\pgf@xx=\dimen180
\pgf@xy=\dimen181
\pgf@yx=\dimen182
\pgf@yy=\dimen183
\pgf@zx=\dimen184
\pgf@zy=\dimen185
) (d:/Program Files/texlive/2023/texmf-dist/tex/generic/pgf/basiclayer/pgfcorepathconstruct.code.tex
File: pgfcorepathconstruct.code.tex 2023-01-15 v3.1.10 (3.1.10)
\pgf@path@lastx=\dimen186
\pgf@path@lasty=\dimen187
) (d:/Program Files/texlive/2023/texmf-dist/tex/generic/pgf/basiclayer/pgfcorepathusage.code.tex
File: pgfcorepathusage.code.tex 2023-01-15 v3.1.10 (3.1.10)
\pgf@shorten@end@additional=\dimen188
\pgf@shorten@start@additional=\dimen189
) (d:/Program Files/texlive/2023/texmf-dist/tex/generic/pgf/basiclayer/pgfcorescopes.code.tex
File: pgfcorescopes.code.tex 2023-01-15 v3.1.10 (3.1.10)
\pgfpic=\box60
\pgf@hbox=\box61
\pgf@layerbox@main=\box62
\pgf@picture@serial@count=\count338
) (d:/Program Files/texlive/2023/texmf-dist/tex/generic/pgf/basiclayer/pgfcoregraphicstate.code.tex
File: pgfcoregraphicstate.code.tex 2023-01-15 v3.1.10 (3.1.10)
\pgflinewidth=\dimen190
) (d:/Program Files/texlive/2023/texmf-dist/tex/generic/pgf/basiclayer/pgfcoretransformations.code.tex
File: pgfcoretransformations.code.tex 2023-01-15 v3.1.10 (3.1.10)
\pgf@pt@x=\dimen191
\pgf@pt@y=\dimen192
\pgf@pt@temp=\dimen193
) (d:/Program Files/texlive/2023/texmf-dist/tex/generic/pgf/basiclayer/pgfcorequick.code.tex
File: pgfcorequick.code.tex 2023-01-15 v3.1.10 (3.1.10)
) (d:/Program Files/texlive/2023/texmf-dist/tex/generic/pgf/basiclayer/pgfcoreobjects.code.tex
File: pgfcoreobjects.code.tex 2023-01-15 v3.1.10 (3.1.10)
) (d:/Program Files/texlive/2023/texmf-dist/tex/generic/pgf/basiclayer/pgfcorepathprocessing.code.tex
File: pgfcorepathprocessing.code.tex 2023-01-15 v3.1.10 (3.1.10)
) (d:/Program Files/texlive/2023/texmf-dist/tex/generic/pgf/basiclayer/pgfcorearrows.code.tex
File: pgfcorearrows.code.tex 2023-01-15 v3.1.10 (3.1.10)
\pgfarrowsep=\dimen194
) (d:/Program Files/texlive/2023/texmf-dist/tex/generic/pgf/basiclayer/pgfcoreshade.code.tex
File: pgfcoreshade.code.tex 2023-01-15 v3.1.10 (3.1.10)
\pgf@max=\dimen195
\pgf@sys@shading@range@num=\count339
\pgf@shadingcount=\count340
) (d:/Program Files/texlive/2023/texmf-dist/tex/generic/pgf/basiclayer/pgfcoreimage.code.tex
File: pgfcoreimage.code.tex 2023-01-15 v3.1.10 (3.1.10)
) (d:/Program Files/texlive/2023/texmf-dist/tex/generic/pgf/basiclayer/pgfcoreexternal.code.tex
File: pgfcoreexternal.code.tex 2023-01-15 v3.1.10 (3.1.10)
\pgfexternal@startupbox=\box63
) (d:/Program Files/texlive/2023/texmf-dist/tex/generic/pgf/basiclayer/pgfcorelayers.code.tex
File: pgfcorelayers.code.tex 2023-01-15 v3.1.10 (3.1.10)
) (d:/Program Files/texlive/2023/texmf-dist/tex/generic/pgf/basiclayer/pgfcoretransparency.code.tex
File: pgfcoretransparency.code.tex 2023-01-15 v3.1.10 (3.1.10)
) (d:/Program Files/texlive/2023/texmf-dist/tex/generic/pgf/basiclayer/pgfcorepatterns.code.tex
File: pgfcorepatterns.code.tex 2023-01-15 v3.1.10 (3.1.10)
) (d:/Program Files/texlive/2023/texmf-dist/tex/generic/pgf/basiclayer/pgfcorerdf.code.tex
File: pgfcorerdf.code.tex 2023-01-15 v3.1.10 (3.1.10)
))) (d:/Program Files/texlive/2023/texmf-dist/tex/generic/pgf/modules/pgfmoduleshapes.code.tex
File: pgfmoduleshapes.code.tex 2023-01-15 v3.1.10 (3.1.10)
\pgfnodeparttextbox=\box64
) (d:/Program Files/texlive/2023/texmf-dist/tex/generic/pgf/modules/pgfmoduleplot.code.tex
File: pgfmoduleplot.code.tex 2023-01-15 v3.1.10 (3.1.10)
) (d:/Program Files/texlive/2023/texmf-dist/tex/latex/pgf/compatibility/pgfcomp-version-0-65.sty
Package: pgfcomp-version-0-65 2023-01-15 v3.1.10 (3.1.10)
\pgf@nodesepstart=\dimen196
\pgf@nodesepend=\dimen197
) (d:/Program Files/texlive/2023/texmf-dist/tex/latex/pgf/compatibility/pgfcomp-version-1-18.sty
Package: pgfcomp-version-1-18 2023-01-15 v3.1.10 (3.1.10)
)) (d:/Program Files/texlive/2023/texmf-dist/tex/latex/pgf/utilities/pgffor.sty (d:/Program Files/texlive/2023/texmf-dist/tex/latex/pgf/utilities/pgfkeys.sty (d:/Program Files/texlive/2023/texmf-dist/tex/generic/pgf/utilities/pgfkeys.code.tex)) (d:/Program Files/texlive/2023/texmf-dist/tex/latex/pgf/math/pgfmath.sty (d:/Program Files/texlive/2023/texmf-dist/tex/generic/pgf/math/pgfmath.code.tex)) (d:/Program Files/texlive/2023/texmf-dist/tex/generic/pgf/utilities/pgffor.code.tex
Package: pgffor 2023-01-15 v3.1.10 (3.1.10)
\pgffor@iter=\dimen198
\pgffor@skip=\dimen199
\pgffor@stack=\toks41
\pgffor@toks=\toks42
)) (d:/Program Files/texlive/2023/texmf-dist/tex/generic/pgf/frontendlayer/tikz/tikz.code.tex
Package: tikz 2023-01-15 v3.1.10 (3.1.10)
 (d:/Program Files/texlive/2023/texmf-dist/tex/generic/pgf/libraries/pgflibraryplothandlers.code.tex
File: pgflibraryplothandlers.code.tex 2023-01-15 v3.1.10 (3.1.10)
\pgf@plot@mark@count=\count341
\pgfplotmarksize=\dimen256
)
\tikz@lastx=\dimen257
\tikz@lasty=\dimen258
\tikz@lastxsaved=\dimen259
\tikz@lastysaved=\dimen260
\tikz@lastmovetox=\dimen261
\tikz@lastmovetoy=\dimen262
\tikzleveldistance=\dimen263
\tikzsiblingdistance=\dimen264
\tikz@figbox=\box65
\tikz@figbox@bg=\box66
\tikz@tempbox=\box67
\tikz@tempbox@bg=\box68
\tikztreelevel=\count342
\tikznumberofchildren=\count343
\tikznumberofcurrentchild=\count344
\tikz@fig@count=\count345
 (d:/Program Files/texlive/2023/texmf-dist/tex/generic/pgf/modules/pgfmodulematrix.code.tex
File: pgfmodulematrix.code.tex 2023-01-15 v3.1.10 (3.1.10)
\pgfmatrixcurrentrow=\count346
\pgfmatrixcurrentcolumn=\count347
\pgf@matrix@numberofcolumns=\count348
)
\tikz@expandcount=\count349
 (d:/Program Files/texlive/2023/texmf-dist/tex/generic/pgf/frontendlayer/tikz/libraries/tikzlibrarytopaths.code.tex
File: tikzlibrarytopaths.code.tex 2023-01-15 v3.1.10 (3.1.10)
))) (d:/Program Files/texlive/2023/texmf-dist/tex/latex/tikz-qtree/tikz-qtree.sty (d:/Program Files/texlive/2023/texmf-dist/tex/latex/tikz-qtree/pgftree.sty (d:/Program Files/texlive/2023/texmf-dist/tex/latex/tikz-qtree/pgfsubpic.sty (d:/Program Files/texlive/2023/texmf-dist/tex/latex/tikz-qtree/pgfsubpic.tex
\pgf@subpicminx=\dimen265
\pgf@subpicminy=\dimen266
\pgf@subpicmaxx=\dimen267
\pgf@subpicmaxy=\dimen268
)) (d:/Program Files/texlive/2023/texmf-dist/tex/latex/tikz-qtree/pgftree.tex
\levelsep=\dimen269
\subtreesep=\dimen270
\smuggle@levelsep=\dimen271
\smuggle@subtreesep=\dimen272
\this@levelsep=\dimen273
\this@subtreesep=\dimen274
\pgftree@childx=\dimen275
\pgftree@savechildx=\dimen276
\pgftree@childy=\dimen277
\pgftree@savechildy=\dimen278
\pgftree@childi=\count350
\pgftree@savechildi=\count351
\pgftree@level=\count352
\pgftree@depth=\dimen279
\pgf@subpic@hbox@children=\box69
\pgf@subpic@minx@children=\dimen280
\pgf@subpic@miny@children=\dimen281
\pgf@subpic@maxx@children=\dimen282
\pgf@subpic@maxy@children=\dimen283
\pgftree@lastchildx=\dimen284
\pgftree@lastchildy=\dimen285
)) (d:/Program Files/texlive/2023/texmf-dist/tex/latex/tikz-qtree/tikz-qtree.tex
\@result=\toks43
\child@list=\toks44
\root@node=\toks45
)) (d:/Program Files/texlive/2023/texmf-dist/tex/generic/pgf/frontendlayer/tikz/libraries/tikzlibrarypositioning.code.tex
File: tikzlibrarypositioning.code.tex 2023-01-15 v3.1.10 (3.1.10)
) (d:/Program Files/texlive/2023/texmf-dist/tex/latex/l3backend/l3backend-pdftex.def
File: l3backend-pdftex.def 2023-01-16 L3 backend support: PDF output (pdfTeX)
\l__color_backend_stack_int=\count353
\l__pdf_internal_box=\box70
) (./main.aux (./multiple_choice.aux) (./choose.aux) (./dijkstra.aux) (./airport_noise.aux) (./travel.aux))
\openout1 = `main.aux'.

LaTeX Font Info:    Checking defaults for OML/cmm/m/it on input line 61.
LaTeX Font Info:    ... okay on input line 61.
LaTeX Font Info:    Checking defaults for OMS/cmsy/m/n on input line 61.
LaTeX Font Info:    ... okay on input line 61.
LaTeX Font Info:    Checking defaults for OT1/cmr/m/n on input line 61.
LaTeX Font Info:    ... okay on input line 61.
LaTeX Font Info:    Checking defaults for T1/cmr/m/n on input line 61.
LaTeX Font Info:    ... okay on input line 61.
LaTeX Font Info:    Checking defaults for TS1/cmr/m/n on input line 61.
LaTeX Font Info:    ... okay on input line 61.
LaTeX Font Info:    Checking defaults for OMX/cmex/m/n on input line 61.
LaTeX Font Info:    ... okay on input line 61.
LaTeX Font Info:    Checking defaults for U/cmr/m/n on input line 61.
LaTeX Font Info:    ... okay on input line 61.
 (d:/Program Files/texlive/2023/texmf-dist/tex/context/base/mkii/supp-pdf.mkii
[Loading MPS to PDF converter (version 2006.09.02).]
\scratchcounter=\count354
\scratchdimen=\dimen286
\scratchbox=\box71
\nofMPsegments=\count355
\nofMParguments=\count356
\everyMPshowfont=\toks46
\MPscratchCnt=\count357
\MPscratchDim=\dimen287
\MPnumerator=\count358
\makeMPintoPDFobject=\count359
\everyMPtoPDFconversion=\toks47
) (d:/Program Files/texlive/2023/texmf-dist/tex/latex/epstopdf-pkg/epstopdf-base.sty
Package: epstopdf-base 2020-01-24 v2.11 Base part for package epstopdf
Package epstopdf-base Info: Redefining graphics rule for `.eps' on input line 485.
 (d:/Program Files/texlive/2023/texmf-dist/tex/latex/latexconfig/epstopdf-sys.cfg
File: epstopdf-sys.cfg 2010/07/13 v1.3 Configuration of (r)epstopdf for TeX Live
))
\c@lstlisting=\count360
LaTeX Font Info:    Trying to load font information for U+msa on input line 63.
 (d:/Program Files/texlive/2023/texmf-dist/tex/latex/amsfonts/umsa.fd
File: umsa.fd 2013/01/14 v3.01 AMS symbols A
)
LaTeX Font Info:    Trying to load font information for U+msb on input line 63.
 (d:/Program Files/texlive/2023/texmf-dist/tex/latex/amsfonts/umsb.fd
File: umsb.fd 2013/01/14 v3.01 AMS symbols B
) [1

{d:/Program Files/texlive/2023/texmf-var/fonts/map/pdftex/updmap/pdftex.map}]
\openout2 = `multiple_choice.aux'.

 (./multiple_choice.tex
LaTeX Font Info:    Font shape `OT1/cmtt/bx/n' in size <10.95> not available
(Font)              Font shape `OT1/cmtt/m/n' tried instead on input line 37.
) [2

]
\openout2 = `choose.aux'.

 (./choose.tex
Overfull \hbox (19.9589pt too wide) in paragraph at lines 31--33
[]\OT1/cmr/m/n/10.95 Given a undi-rected graph, we want to check whether it is a bi-par-tite graph. [][] 
 []

) [3



]
\openout2 = `dijkstra.aux'.

 (./dijkstra.tex
Overfull \hbox (5.63062pt too wide) in paragraph at lines 38--51
 [] 
 []

) [4



]
\openout2 = `airport_noise.aux'.

 (./airport_noise.tex
Overfull \hbox (8.42885pt too wide) in paragraph at lines 9--10
[]\OT1/cmr/m/n/10.95 To get full cred-its, the time com-plex-ity of your al-go-rithm should not ex-ceed $\OML/cmm/m/it/10.95 O []$\OT1/cmr/m/n/10.95 . 
 []

[5



{d:/Program Files/texlive/2023/texmf-dist/fonts/enc/dvips/cm-super/cm-super-ts1.enc}]) [6]
\openout2 = `travel.aux'.

 (./travel.tex [7



]) [8]
This exam contains 5 questions with 10 parts, 0 subparts, and 0 subsubparts.
This exam has a total of 31 points.
This exam has a total of 0 bonus points.
(./main.aux (./multiple_choice.aux) (./choose.aux) (./dijkstra.aux) (./airport_noise.aux) (./travel.aux)) ) 
Here is how much of TeX's memory you used:
 16804 strings out of 476025
 326390 string characters out of 5786995
 1873382 words of memory out of 5000000
 36941 multiletter control sequences out of 15000+600000
 522101 words of font info for 69 fonts, out of 8000000 for 9000
 1141 hyphenation exceptions out of 8191
 102i,10n,104p,653b,966s stack positions out of 10000i,1000n,20000p,200000b,200000s
<d:/Program Files/texlive/2023/texmf-dist/fonts/type1/public/amsfonts/cm/cmbx10.pfb><d:/Program Files/texlive/2023/texmf-dist/fonts/type1/public/amsfonts/cm/cmcsc10.pfb><d:/Program Files/texlive/2023/texmf-dist/fonts/type1/public/amsfonts/cm/cmex10.pfb><d:/Program Files/texlive/2023/texmf-dist/fonts/type1/public/amsfonts/cm/cmmi10.pfb><d:/Program Files/texlive/2023/texmf-dist/fonts/type1/public/amsfonts/cm/cmmi6.pfb><d:/Program Files/texlive/2023/texmf-dist/fonts/type1/public/amsfonts/cm/cmmi8.pfb><d:/Program Files/texlive/2023/texmf-dist/fonts/type1/public/amsfonts/cm/cmr10.pfb><d:/Program Files/texlive/2023/texmf-dist/fonts/type1/public/amsfonts/cm/cmr12.pfb><d:/Program Files/texlive/2023/texmf-dist/fonts/type1/public/amsfonts/cm/cmr17.pfb><d:/Program Files/texlive/2023/texmf-dist/fonts/type1/public/amsfonts/cm/cmr6.pfb><d:/Program Files/texlive/2023/texmf-dist/fonts/type1/public/amsfonts/cm/cmr8.pfb><d:/Program Files/texlive/2023/texmf-dist/fonts/type1/public/amsfonts/cm/cmr9.pfb><d:/Program Files/texlive/2023/texmf-dist/fonts/type1/public/amsfonts/cm/cmsy10.pfb><d:/Program Files/texlive/2023/texmf-dist/fonts/type1/public/amsfonts/cm/cmsy6.pfb><d:/Program Files/texlive/2023/texmf-dist/fonts/type1/public/amsfonts/cm/cmsy8.pfb><d:/Program Files/texlive/2023/texmf-dist/fonts/type1/public/amsfonts/cm/cmti10.pfb><d:/Program Files/texlive/2023/texmf-dist/fonts/type1/public/amsfonts/cm/cmtt10.pfb><d:/Program Files/texlive/2023/texmf-dist/fonts/type1/public/cm-super/sfrm1095.pfb>
Output written on main.pdf (8 pages, 229305 bytes).
PDF statistics:
 125 PDF objects out of 1000 (max. 8388607)
 78 compressed objects within 1 object stream
 0 named destinations out of 1000 (max. 500000)
 13 words of extra memory for PDF output out of 10000 (max. 10000000)

